<?xml version="1.0" encoding="UTF-8"?>
<testng-results ignored="0" total="1" passed="1" failed="0" skipped="0">
  <reporter-output>
  </reporter-output>
  <suite started-at="2025-07-02T19:40:01 IST" name="Default suite" finished-at="2025-07-02T19:40:25 IST" duration-ms="24223">
    <groups>
    </groups>
    <test started-at="2025-07-02T19:40:01 IST" name="Default test" finished-at="2025-07-02T19:40:25 IST" duration-ms="24223">
      <class name="com.dezlearn.qa.DemoQA_FormAutomation_Project.PracticeFormTest">
        <test-method is-config="true" signature="setup()[pri:0, instance:com.dezlearn.qa.DemoQA_FormAutomation_Project.PracticeFormTest@38d8f54a]" started-at="2025-07-02T19:40:01 IST" name="setup" finished-at="2025-07-02T19:40:15 IST" duration-ms="14240" status="PASS">
          <reporter-output>
          </reporter-output>
        </test-method> <!-- setup -->
        <test-method signature="fillCompleteDemoQAForm()[pri:0, instance:com.dezlearn.qa.DemoQA_FormAutomation_Project.PracticeFormTest@38d8f54a]" started-at="2025-07-02T19:40:15 IST" name="fillCompleteDemoQAForm" finished-at="2025-07-02T19:40:23 IST" duration-ms="7505" status="PASS">
          <reporter-output>
          </reporter-output>
        </test-method> <!-- fillCompleteDemoQAForm -->
        <test-method is-config="true" signature="tearDown()[pri:0, instance:com.dezlearn.qa.DemoQA_FormAutomation_Project.PracticeFormTest@38d8f54a]" started-at="2025-07-02T19:40:23 IST" name="tearDown" finished-at="2025-07-02T19:40:25 IST" duration-ms="2414" status="PASS">
          <reporter-output>
          </reporter-output>
        </test-method> <!-- tearDown -->
      </class> <!-- com.dezlearn.qa.DemoQA_FormAutomation_Project.PracticeFormTest -->
    </test> <!-- Default test -->
  </suite> <!-- Default suite -->
</testng-results>
